  glad.c
  Camera.cpp
  ComputeShader.cpp
  CubeRobot.cpp
  Frustum.cpp
  GameTimer.cpp
  HeightMap.cpp
D:\CSC8502\openGL real test\CSC8502 2021 - 210029394 RuiShan\CSC8502 2021\nclgl\HeightMap.cpp(28,48): warning C4244: “参数”: 从“int”转换到“const float”，可能丢失数据
D:\CSC8502\openGL real test\CSC8502 2021 - 210029394 RuiShan\CSC8502 2021\nclgl\HeightMap.cpp(28,31): warning C4244: “参数”: 从“int”转换到“const float”，可能丢失数据
D:\CSC8502\openGL real test\CSC8502 2021 - 210029394 RuiShan\CSC8502 2021\nclgl\HeightMap.cpp(29,39): warning C4244: “参数”: 从“int”转换到“const float”，可能丢失数据
D:\CSC8502\openGL real test\CSC8502 2021 - 210029394 RuiShan\CSC8502 2021\nclgl\HeightMap.cpp(29,36): warning C4244: “参数”: 从“int”转换到“const float”，可能丢失数据
  Keyboard.cpp
  Matrix2.cpp
  Matrix3.cpp
  Matrix4.cpp
  Mesh.cpp
  MeshAnimation.cpp
  MeshMaterial.cpp
  Mouse.cpp
  OGLRenderer.cpp
  Plane.cpp
  Quaternion.cpp
  SceneNode.cpp
  Shader.cpp
  Window.cpp
  正在生成代码...
  nclgl.vcxproj -> D:\CSC8502\openGL real test\CSC8502 2021 - 210029394 RuiShan\CSC8502 2021\x64\Debug\nclgl.lib
